
=== Tue Jul  7 08:35:28 2020

Packages were changed.
Update Mode: updateDependencies

The following packages were added:
  com.unity.2d.sprite@1.0.0
  com.unity.2d.tilemap@1.0.0
  com.unity.collab-proxy@1.2.16
  com.unity.ide.rider@1.1.4
  com.unity.ide.vscode@1.2.1
  com.unity.modules.androidjni@1.0.0
  com.unity.multiplayer-hlapi@1.0.6
  com.unity.test-framework@1.1.14
  com.unity.timeline@1.2.6
  com.unity.ugui@1.0.0
  com.unity.xr.legacyinputhelpers@2.1.4
The following packages were updated:
  com.unity.textmeshpro from version 1.3.0 to 2.0.1
The following packages were removed:
  com.unity.package-manager-ui@1.9.11

=== Fri Sep 18 09:16:42 2020

Packages were changed.
Update Mode: updateDependencies

The following packages were updated:
  com.unity.test-framework from version 1.1.14 to 1.1.16

=== Wed Jul 28 09:23:45 2021

Packages were changed.
Update Mode: updateDependencies

The following packages were added:
  com.unity.ide.visualstudio@2.0.8
The following packages were updated:
  com.unity.ide.rider from version 1.1.4 to 1.2.1
  com.unity.ide.vscode from version 1.2.1 to 1.2.3
  com.unity.test-framework from version 1.1.16 to 1.1.24
  com.unity.textmeshpro from version 2.0.1 to 2.1.4
  com.unity.timeline from version 1.2.6 to 1.2.18
  com.unity.xr.legacyinputhelpers from version 2.1.4 to 2.1.7

=== Mon Jul  4 16:39:52 2022

Packages were changed.
Update Mode: updateDependencies

The following packages were updated:
  com.unity.collab-proxy from version 1.2.16 to 1.14.18
  com.unity.ide.visualstudio from version 2.0.8 to 2.0.15
  com.unity.ide.vscode from version 1.2.3 to 1.2.5
  com.unity.test-framework from version 1.1.24 to 1.1.31
  com.unity.xr.legacyinputhelpers from version 2.1.7 to 2.1.9

=== Wed Mar 19 14:49:22 2025

Packages were changed.
Update Mode: updateDependencies

The following packages were added:
  com.unity.ai.navigation@1.1.5
The following packages were updated:
  com.unity.addressables from version 1.21.1 to 1.22.3
  com.unity.burst from version 1.7.1 to 1.8.19
  com.unity.collab-proxy from version 1.14.18 to 2.7.1
  com.unity.collections from version 0.9.0-preview.6 to 1.2.4
  com.unity.ide.rider from version 3.0.28 to 3.0.34
  com.unity.localization from version 1.4.2 to 1.5.2
  com.unity.postprocessing from version 3.1.1 to 3.4.0
  com.unity.test-framework from version 1.1.31 to 1.1.33
  com.unity.textmeshpro from version 2.1.4 to 3.0.7
  com.unity.timeline from version 1.2.18 to 1.7.6
  com.unity.xr.legacyinputhelpers from version 2.1.9 to 2.1.12
